c:\users\others\source\repos\chess\x64\debug\raylib.dll
c:\users\others\source\repos\chess\chess\x64\debug\vc143.pdb
c:\users\others\source\repos\chess\chess\x64\debug\vc143.idb
c:\users\others\source\repos\chess\chess\x64\debug\sprites.obj
c:\users\others\source\repos\chess\chess\x64\debug\piecetypes.obj
c:\users\others\source\repos\chess\chess\x64\debug\piece.obj
c:\users\others\source\repos\chess\chess\x64\debug\main.obj
c:\users\others\source\repos\chess\chess\x64\debug\board.obj
c:\users\others\source\repos\chess\chess\x64\debug\inversedpieces.obj
c:\users\others\source\repos\chess\chess\x64\debug\movementlog.obj
c:\users\others\source\repos\chess\chess\x64\debug\game.obj
c:\users\others\source\repos\chess\chess\x64\debug\nongraphicalboard.obj
c:\users\others\source\repos\chess\chess\x64\debug\socketconnection.obj
c:\users\others\source\repos\chess\chess\x64\debug\graph.obj
c:\users\others\source\repos\chess\chess\x64\debug\boardcalculations.obj
c:\users\others\source\repos\chess\chess\x64\debug\batch.obj
c:\users\others\source\repos\chess\x64\debug\chess.exe
c:\users\others\source\repos\chess\x64\debug\chess.pdb
c:\users\others\source\repos\chess\chess\x64\debug\chess.ilk
c:\users\others\source\repos\chess\chess\x64\debug\activationmethods.obj
c:\users\others\source\repos\chess\chess\x64\debug\neuralnetwork.obj
c:\users\others\source\repos\chess\chess\x64\debug\neuron.obj
c:\users\others\source\repos\chess\chess\x64\debug\game.obj.enc
c:\users\others\source\repos\chess\chess\x64\debug\inversedpieces.obj.enc
c:\users\others\source\repos\chess\chess\x64\debug\main.obj.enc
c:\users\others\source\repos\chess\chess\x64\debug\movementlog.obj.enc
c:\users\others\source\repos\chess\chess\x64\debug\neuralnetwork.obj.enc
c:\users\others\source\repos\chess\chess\x64\debug\neuron.obj.enc
c:\users\others\source\repos\chess\chess\x64\debug\piece.obj.enc
c:\users\others\source\repos\chess\chess\x64\debug\chess.tlog\chess.write.1u.tlog
c:\users\others\source\repos\chess\chess\x64\debug\chess.tlog\cl.command.1.tlog
c:\users\others\source\repos\chess\chess\x64\debug\chess.tlog\cl.items.tlog
c:\users\others\source\repos\chess\chess\x64\debug\chess.tlog\cl.read.1.tlog
c:\users\others\source\repos\chess\chess\x64\debug\chess.tlog\cl.write.1.tlog
c:\users\others\source\repos\chess\chess\x64\debug\chess.tlog\link.command.1.tlog
c:\users\others\source\repos\chess\chess\x64\debug\chess.tlog\link.read.1.tlog
c:\users\others\source\repos\chess\chess\x64\debug\chess.tlog\link.secondary.1.tlog
c:\users\others\source\repos\chess\chess\x64\debug\chess.tlog\link.write.1.tlog
