  BoardCalculations.cpp
C:\Users\Others\source\repos\Chess\NeuralNetwork\NeuralNetwork.h(15,8): error C2143: syntax error: missing ';' before '*'
  (compiling source file 'BoardCalculations.cpp')
  
C:\Users\Others\source\repos\Chess\NeuralNetwork\NeuralNetwork.h(15,2): error C4430: missing type specifier - int assumed. Note: C++ does not support default-int
  (compiling source file 'BoardCalculations.cpp')
  
C:\Users\Others\source\repos\Chess\NeuralNetwork\NeuralNetwork.h(15,18): error C2238: unexpected token(s) preceding ';'
  (compiling source file 'BoardCalculations.cpp')
  
  Game.cpp
C:\Users\Others\source\repos\Chess\NeuralNetwork\NeuralNetwork.h(15,8): error C2143: syntax error: missing ';' before '*'
  (compiling source file 'Game.cpp')
  
C:\Users\Others\source\repos\Chess\NeuralNetwork\NeuralNetwork.h(15,2): error C4430: missing type specifier - int assumed. Note: C++ does not support default-int
  (compiling source file 'Game.cpp')
  
C:\Users\Others\source\repos\Chess\NeuralNetwork\NeuralNetwork.h(15,18): error C2238: unexpected token(s) preceding ';'
  (compiling source file 'Game.cpp')
  
C:\Users\Others\source\repos\Chess\Chess\Game.cpp(93,16): warning C4267: 'initializing': conversion from 'size_t' to 'int', possible loss of data
C:\Users\Others\source\repos\Chess\Chess\Game.cpp(247,55): warning C4244: '=': conversion from 'float' to 'int', possible loss of data
C:\Users\Others\source\repos\Chess\Chess\Game.cpp(287,22): warning C4244: 'argument': conversion from 'time_t' to 'int', possible loss of data
C:\Users\Others\source\repos\Chess\Chess\Game.cpp(326,54): warning C4244: 'argument': conversion from 'float' to 'int', possible loss of data
C:\Users\Others\source\repos\Chess\Chess\Game.cpp(326,38): warning C4244: 'argument': conversion from 'float' to 'int', possible loss of data
C:\Users\Others\source\repos\Chess\Chess\Game.cpp(587,61): warning C4244: 'argument': conversion from 'float' to 'int', possible loss of data
  main.cpp
C:\Users\Others\source\repos\Chess\NeuralNetwork\NeuralNetwork.h(15,8): error C2143: syntax error: missing ';' before '*'
  (compiling source file 'main.cpp')
  
C:\Users\Others\source\repos\Chess\NeuralNetwork\NeuralNetwork.h(15,2): error C4430: missing type specifier - int assumed. Note: C++ does not support default-int
  (compiling source file 'main.cpp')
  
C:\Users\Others\source\repos\Chess\NeuralNetwork\NeuralNetwork.h(15,18): error C2238: unexpected token(s) preceding ';'
  (compiling source file 'main.cpp')
  
C:\Users\Others\source\repos\Chess\Chess\main.cpp(239,19): warning C4244: 'argument': conversion from 'time_t' to 'unsigned int', possible loss of data
C:\Users\Others\source\repos\Chess\Chess\main.cpp(306,125): warning C4244: 'argument': conversion from 'int' to 'float', possible loss of data
  Generating Code...
